--------------------
PID: 8821
20201020T10:05:27
--------------------
--------------------
PID: 9596
20201020T10:28:09
--------------------
--------------------
PID: 9612
20201020T10:28:34
--------------------
20201020T10:28:36
Bought 523 of T for a total of $14058.24
--------------------
--------------------
PID: 9681
20201020T10:30:04
--------------------
--------------------
PID: 9739
20201020T10:31:10
--------------------
20201020T11:01:01
Bought 90 of AAPL for a total of $10451.699999999999
--------------------
--------------------
PID: 17111
20201020T12:34:26
--------------------
--------------------
PID: 18364
20201020T12:56:30
--------------------
--------------------
PID: 18513
20201020T12:59:02
--------------------
--------------------
PID: 18648
20201020T13:01:31
--------------------
--------------------
PID: 18683
20201020T13:02:04
--------------------
--------------------
PID: 18735
20201020T13:02:58
--------------------
--------------------
PID: 18867
20201020T13:06:15
--------------------
--------------------
PID: 19588
20201020T13:17:44
--------------------
--------------------
PID: 20196
20201020T13:26:19
--------------------
--------------------
PID: 22731
20201020T14:10:15
--------------------
--------------------
PID: 23767
20201020T14:17:54
--------------------
